<?xml version="1.0" encoding="UTF-8"?>
<!-- Generated by org.testng.reporters.JUnitXMLReporter -->
<testsuite ignored="0" hostname="DESKTOP-GH9PSVH" failures="0" tests="3" name="Test" time="3.963" errors="0" timestamp="04 Jan 2021 17:25:49 GMT">
  <testcase classname="testacases.TC_001_GET_Users" name="GET_All_Users" time="1.936"/>
  <testcase classname="testacases.TC_001_GET_Users" name="POST_An_User" time="1.122"/>
  <testcase classname="testacases.TC_001_GET_Users" name="DELETE_books" time="0.881"/>
</testsuite> <!-- Test -->
