<?xml version="1.0" encoding="UTF-8"?>
<testng-results ignored="0" total="3" passed="3" failed="0" skipped="0">
  <reporter-output>
  </reporter-output>
  <suite started-at="2021-01-04T17:05:15Z" name="Suite" finished-at="2021-01-04T17:05:19Z" duration-ms="4016">
    <groups>
    </groups>
    <test started-at="2021-01-04T17:05:15Z" name="Test" finished-at="2021-01-04T17:05:19Z" duration-ms="4016">
      <class name="testacases.TC_001_GET_Users">
        <test-method signature="GET_All_Users()[pri:1, instance:testacases.TC_001_GET_Users@1a942c18]" started-at="2021-01-04T17:05:15Z" name="GET_All_Users" finished-at="2021-01-04T17:05:17Z" duration-ms="2041" status="PASS">
          <reporter-output>
          </reporter-output>
        </test-method> <!-- GET_All_Users -->
        <test-method signature="POST_An_User()[pri:2, instance:testacases.TC_001_GET_Users@1a942c18]" started-at="2021-01-04T17:05:17Z" name="POST_An_User" finished-at="2021-01-04T17:05:18Z" duration-ms="1036" status="PASS">
          <reporter-output>
          </reporter-output>
        </test-method> <!-- POST_An_User -->
        <test-method signature="DELETE_books()[pri:3, instance:testacases.TC_001_GET_Users@1a942c18]" started-at="2021-01-04T17:05:18Z" name="DELETE_books" finished-at="2021-01-04T17:05:19Z" duration-ms="909" status="PASS">
          <reporter-output>
          </reporter-output>
        </test-method> <!-- DELETE_books -->
      </class> <!-- testacases.TC_001_GET_Users -->
    </test> <!-- Test -->
  </suite> <!-- Suite -->
</testng-results>
